]11;?\]10;?\
   FastAPI   Starting production server 🚀
 
             Searching for package file structure from directories with __init__.py files
             Importing from /data/code/ScienceBoard/env_server
 
    module   🐍 env_server_launch.py
 
      code   Importing the FastAPI app object from the module with the following code:
 
             from env_server_launch import app
 
       app   Using import string: env_server_launch:app
 
    server   Server started at http://0.0.0.0:10022
    server   Documentation at http://0.0.0.0:10022/docs
 
             Logs:
 
]11;?\]10;?\]11;?\]10;?\      INFO   Started server process [67824]
      INFO   Waiting for application startup.
      INFO   Application startup complete.
      INFO   Uvicorn running on http://0.0.0.0:10022 (Press CTRL+C to quit)
      INFO   127.0.0.1:41546 - "GET / HTTP/1.1" 200
[2025-07-03 10:04:35] [env api] vitual machine starting...
Starting VMware VM...
[2025-07-03 10:04:36] [env api] vitual machine done.
      INFO   127.0.0.1:41562 - "POST /start HTTP/1.1" 200
      INFO   127.0.0.1:41576 - "POST /get_task_config HTTP/1.1" 200
[2025-07-03 10:04:38] [env api] env reset starting...
Starting VMware VM...
execute payload /bin/bash /home/user/server/reset.sh True
base url http://192.168.23.129:5000/setup/execute
request payload {'json': {'command': '/bin/bash /home/user/server/reset.sh', 'shell': True}, 'headers': {'Content-Type': 'application/json'}}
API server reset response: True
base url http://192.168.23.129:5000/opt
request payload {'json': {'depth': 6}, 'headers': {'Content-Type': 'application/json'}}
execute payload LD_LIBRARY_PATH=/home/user/6.5.0/gcc_64/lib /app/bin/celestia-qt6 8000 True
base url http://192.168.23.129:5000/setup/launch
request payload {'json': {'command': 'LD_LIBRARY_PATH=/home/user/6.5.0/gcc_64/lib /app/bin/celestia-qt6 8000', 'shell': True}, 'headers': {'Content-Type': 'application/json'}}
logging succeed True
[2025-07-03 10:04:57] [env api] env reset done...
      INFO   127.0.0.1:41580 - "POST /reset HTTP/1.1" 200
Traceback (most recent call last):
  File "/data/code/ScienceBoard/env_server/env_server_launch.py", line 105, in evaluate
    metric = env.evaluate()
             ^^^^^^^^^^^^^^
  File "/data/code/ScienceBoard/env_server/env.py", line 147, in evaluate
    result = self.metric.eval()
             ^^^^^^^^^^^^^^^^^^
  File "/data/code/ScienceBoard/env_server/eval/Celestia/eval.py", line 15, in eval
    info = self.manager.status_dump(self.query)
           ^^^^^^^^^^^^^^^^^^^^^^^^
AttributeError: 'SciEnv' object has no attribute 'status_dump'
[2025-07-03 10:04:58] [env api] evaluate failed: 'SciEnv' object has no attribute 'status_dump'
      INFO   127.0.0.1:41902 - "GET /evaluate HTTP/1.1" 200
